ECHO is off.
This is XeTeX, Version 3.14159265-2.6-0.99992 (TeX Live 2015/W32TeX) (preloaded format=xelatex)
 restricted \write18 enabled.
entering extended mode
(./guide.tex
LaTeX2e <2015/01/01>
Babel <3.9l> and hyphenation patterns for 79 languages loaded.
(./xjtuthesis.cls
Document Class: xjtuthesis 2011/7/15 0.0.1 Xi'an Jiaotong University Dissertati
on Template
(d:/texlive/2015/texmf-dist/tex/latex/base/book.cls
Document Class: book 2014/09/29 v1.4h Standard LaTeX document class
(d:/texlive/2015/texmf-dist/tex/latex/base/bk10.clo))
(d:/texlive/2015/texmf-dist/tex/latex/amsmath/amsmath.sty
For additional information on amsmath, use the `?' option.
(d:/texlive/2015/texmf-dist/tex/latex/amsmath/amstext.sty
(d:/texlive/2015/texmf-dist/tex/latex/amsmath/amsgen.sty))
(d:/texlive/2015/texmf-dist/tex/latex/amsmath/amsbsy.sty)
(d:/texlive/2015/texmf-dist/tex/latex/amsmath/amsopn.sty))
(d:/texlive/2015/texmf-dist/tex/latex/amsfonts/amssymb.sty
(d:/texlive/2015/texmf-dist/tex/latex/amsfonts/amsfonts.sty))
(d:/texlive/2015/texmf-dist/tex/latex/tools/indentfirst.sty)
(d:/texlive/2015/texmf-dist/tex/latex/tools/tabularx.sty
(d:/texlive/2015/texmf-dist/tex/latex/tools/array.sty))
(d:/texlive/2015/texmf-dist/tex/latex/threeparttable/threeparttable.sty)
(d:/texlive/2015/texmf-dist/tex/latex/tools/longtable.sty)
(d:/texlive/2015/texmf-dist/tex/latex/booktabs/booktabs.sty)
(d:/texlive/2015/texmf-dist/tex/latex/subfig/subfig.sty
(d:/texlive/2015/texmf-dist/tex/latex/graphics/keyval.sty)
(d:/texlive/2015/texmf-dist/tex/latex/caption/caption.sty
(d:/texlive/2015/texmf-dist/tex/latex/caption/caption3.sty)
(d:/texlive/2015/texmf-dist/tex/latex/caption/ltcaption.sty)))
(d:/texlive/2015/texmf-dist/tex/latex/natbib/natbib.sty)
(d:/texlive/2015/texmf-dist/tex/latex/setspace/setspace.sty)
(d:/texlive/2015/texmf-dist/tex/latex/enumitem/enumitem.sty)
(d:/texlive/2015/texmf-dist/tex/latex/pdfpages/pdfpages.sty
(d:/texlive/2015/texmf-dist/tex/latex/base/ifthen.sty)
(d:/texlive/2015/texmf-dist/tex/latex/tools/calc.sty)
(d:/texlive/2015/texmf-dist/tex/latex/eso-pic/eso-pic.sty
(d:/texlive/2015/texmf-dist/tex/generic/oberdiek/atbegshi.sty
(d:/texlive/2015/texmf-dist/tex/generic/oberdiek/infwarerr.sty)
(d:/texlive/2015/texmf-dist/tex/generic/oberdiek/ltxcmds.sty)
(d:/texlive/2015/texmf-dist/tex/generic/oberdiek/ifpdf.sty))
(d:/texlive/2015/texmf-dist/tex/latex/xcolor/xcolor.sty
(d:/texlive/2015/texmf-dist/tex/latex/latexconfig/color.cfg)
(d:/texlive/2015/texmf-dist/tex/xelatex/xetex-def/xetex.def)))
(d:/texlive/2015/texmf-dist/tex/latex/graphics/graphicx.sty
(d:/texlive/2015/texmf-dist/tex/latex/graphics/graphics.sty
(d:/texlive/2015/texmf-dist/tex/latex/graphics/trig.sty)
(d:/texlive/2015/texmf-dist/tex/latex/latexconfig/graphics.cfg)))
(d:/texlive/2015/texmf-dist/tex/latex/pdfpages/ppxetex.def))
(d:/texlive/2015/texmf-dist/tex/latex/algorithms/algorithm.sty
(d:/texlive/2015/texmf-dist/tex/latex/float/float.sty))
(d:/texlive/2015/texmf-dist/tex/latex/algorithmicx/algpseudocode.sty
(d:/texlive/2015/texmf-dist/tex/latex/algorithmicx/algorithmicx.sty
Document Style algorithmicx 1.2 - a greatly improved `algorithmic' style
)
Document Style - pseudocode environments for use with the `algorithmicx' style
) (d:/texlive/2015/texmf-dist/tex/latex/tools/bm.sty)
(d:/texlive/2015/texmf-dist/tex/latex/listings/listings.sty
(d:/texlive/2015/texmf-dist/tex/latex/listings/lstmisc.sty)
(d:/texlive/2015/texmf-dist/tex/latex/listings/listings.cfg))
(d:/texlive/2015/texmf-dist/tex/latex/multirow/multirow.sty)
(d:/texlive/2015/texmf-dist/tex/latex/units/nicefrac.sty)
(d:/texlive/2015/texmf-dist/tex/latex/fontspec/fontspec.sty
(d:/texlive/2015/texmf-dist/tex/latex/l3kernel/expl3.sty
(d:/texlive/2015/texmf-dist/tex/latex/l3kernel/expl3-code.tex)
(d:/texlive/2015/texmf-dist/tex/latex/l3kernel/l3unicode-data.def)
(d:/texlive/2015/texmf-dist/tex/latex/l3kernel/l3xdvipdfmx.def))
(d:/texlive/2015/texmf-dist/tex/latex/l3packages/xparse/xparse.sty)
(d:/texlive/2015/texmf-dist/tex/latex/fontspec/fontspec-patches.sty)
(d:/texlive/2015/texmf-dist/tex/latex/fontspec/fontspec-xetex.sty
(d:/texlive/2015/texmf-dist/tex/latex/base/fontenc.sty
(d:/texlive/2015/texmf-dist/tex/latex/euenc/eu1enc.def)
(d:/texlive/2015/texmf-dist/tex/latex/euenc/eu1lmr.fd))
(d:/texlive/2015/texmf-dist/tex/xelatex/xunicode/xunicode.sty
(d:/texlive/2015/texmf-dist/tex/latex/tipa/t3enc.def
(d:/texlive/2015/texmf-dist/tex/latex/euenc/eu1lmss.fd)))
(d:/texlive/2015/texmf-dist/tex/latex/fontspec/fontspec.cfg)))
(d:/texlive/2015/texmf-dist/tex/latex/xltxtra/xltxtra.sty
(d:/texlive/2015/texmf-dist/tex/generic/oberdiek/ifluatex.sty)
(d:/texlive/2015/texmf-dist/tex/generic/ifxetex/ifxetex.sty)
(d:/texlive/2015/texmf-dist/tex/latex/realscripts/realscripts.sty)
(d:/texlive/2015/texmf-dist/tex/latex/metalogo/metalogo.sty))
(d:/texlive/2015/texmf-dist/tex/xelatex/xecjk/xeCJK.sty
(d:/texlive/2015/texmf-dist/tex/latex/l3packages/xtemplate/xtemplate.sty)
(d:/texlive/2015/texmf-dist/tex/latex/l3packages/l3keys2e/l3keys2e.sty)
*************************************************
* xeCJK warning: "option-deprecated"
* 
* The `CJKnumber' option is deprecated.
* You may load the package `CJKnumb' after xeCJK to use its function.
* 
*************************************************
(d:/texlive/2015/texmf-dist/tex/xelatex/xecjk/xunicode-addon.sty)
(d:/texlive/2015/texmf-dist/tex/xelatex/xunicode/xunicode.sty
*** Reloading Xunicode for encoding 'EU1' ***
) (d:/texlive/2015/texmf-dist/tex/xelatex/xecjk/xunicode-extra.def)
(d:/texlive/2015/texmf-dist/tex/xelatex/xecjk/xeCJK.cfg))
(d:/texlive/2015/texmf-dist/tex/latex/geometry/geometry.sty
(d:/texlive/2015/texmf-dist/tex/generic/oberdiek/ifvtex.sty))
(d:/texlive/2015/texmf-dist/tex/latex/fancyhdr/fancyhdr.sty)
(d:/texlive/2015/texmf-dist/tex/latex/footmisc/footmisc.sty)
(d:/texlive/2015/texmf-dist/tex/latex/pgf/frontendlayer/tikz.sty
(d:/texlive/2015/texmf-dist/tex/latex/pgf/basiclayer/pgf.sty
(d:/texlive/2015/texmf-dist/tex/latex/pgf/utilities/pgfrcs.sty
(d:/texlive/2015/texmf-dist/tex/generic/pgf/utilities/pgfutil-common.tex
(d:/texlive/2015/texmf-dist/tex/generic/pgf/utilities/pgfutil-common-lists.tex)
) (d:/texlive/2015/texmf-dist/tex/generic/pgf/utilities/pgfutil-latex.def
(d:/texlive/2015/texmf-dist/tex/latex/ms/everyshi.sty))
(d:/texlive/2015/texmf-dist/tex/generic/pgf/utilities/pgfrcs.code.tex))
(d:/texlive/2015/texmf-dist/tex/latex/pgf/basiclayer/pgfcore.sty
(d:/texlive/2015/texmf-dist/tex/latex/pgf/systemlayer/pgfsys.sty
(d:/texlive/2015/texmf-dist/tex/generic/pgf/systemlayer/pgfsys.code.tex
(d:/texlive/2015/texmf-dist/tex/generic/pgf/utilities/pgfkeys.code.tex
(d:/texlive/2015/texmf-dist/tex/generic/pgf/utilities/pgfkeysfiltered.code.tex)
) (d:/texlive/2015/texmf-dist/tex/generic/pgf/systemlayer/pgf.cfg)
(d:/texlive/2015/texmf-dist/tex/generic/pgf/systemlayer/pgfsys-xetex.def
(d:/texlive/2015/texmf-dist/tex/generic/pgf/systemlayer/pgfsys-dvipdfmx.def
(d:/texlive/2015/texmf-dist/tex/generic/pgf/systemlayer/pgfsys-common-pdf.def))
))
(d:/texlive/2015/texmf-dist/tex/generic/pgf/systemlayer/pgfsyssoftpath.code.tex
)
(d:/texlive/2015/texmf-dist/tex/generic/pgf/systemlayer/pgfsysprotocol.code.tex
)) (d:/texlive/2015/texmf-dist/tex/generic/pgf/basiclayer/pgfcore.code.tex
(d:/texlive/2015/texmf-dist/tex/generic/pgf/math/pgfmath.code.tex
(d:/texlive/2015/texmf-dist/tex/generic/pgf/math/pgfmathcalc.code.tex
(d:/texlive/2015/texmf-dist/tex/generic/pgf/math/pgfmathutil.code.tex)
(d:/texlive/2015/texmf-dist/tex/generic/pgf/math/pgfmathparser.code.tex)
(d:/texlive/2015/texmf-dist/tex/generic/pgf/math/pgfmathfunctions.code.tex
(d:/texlive/2015/texmf-dist/tex/generic/pgf/math/pgfmathfunctions.basic.code.te
x)
(d:/texlive/2015/texmf-dist/tex/generic/pgf/math/pgfmathfunctions.trigonometric
.code.tex)
(d:/texlive/2015/texmf-dist/tex/generic/pgf/math/pgfmathfunctions.random.code.t
ex)
(d:/texlive/2015/texmf-dist/tex/generic/pgf/math/pgfmathfunctions.comparison.co
de.tex)
(d:/texlive/2015/texmf-dist/tex/generic/pgf/math/pgfmathfunctions.base.code.tex
)
(d:/texlive/2015/texmf-dist/tex/generic/pgf/math/pgfmathfunctions.round.code.te
x)
(d:/texlive/2015/texmf-dist/tex/generic/pgf/math/pgfmathfunctions.misc.code.tex
)
(d:/texlive/2015/texmf-dist/tex/generic/pgf/math/pgfmathfunctions.integerarithm
etics.code.tex)))
(d:/texlive/2015/texmf-dist/tex/generic/pgf/math/pgfmathfloat.code.tex))
(d:/texlive/2015/texmf-dist/tex/generic/pgf/basiclayer/pgfcorepoints.code.tex)
(d:/texlive/2015/texmf-dist/tex/generic/pgf/basiclayer/pgfcorepathconstruct.cod
e.tex)
(d:/texlive/2015/texmf-dist/tex/generic/pgf/basiclayer/pgfcorepathusage.code.te
x)
(d:/texlive/2015/texmf-dist/tex/generic/pgf/basiclayer/pgfcorescopes.code.tex)
(d:/texlive/2015/texmf-dist/tex/generic/pgf/basiclayer/pgfcoregraphicstate.code
.tex)
(d:/texlive/2015/texmf-dist/tex/generic/pgf/basiclayer/pgfcoretransformations.c
ode.tex)
(d:/texlive/2015/texmf-dist/tex/generic/pgf/basiclayer/pgfcorequick.code.tex)
(d:/texlive/2015/texmf-dist/tex/generic/pgf/basiclayer/pgfcoreobjects.code.tex)

(d:/texlive/2015/texmf-dist/tex/generic/pgf/basiclayer/pgfcorepathprocessing.co
de.tex)
(d:/texlive/2015/texmf-dist/tex/generic/pgf/basiclayer/pgfcorearrows.code.tex)
(d:/texlive/2015/texmf-dist/tex/generic/pgf/basiclayer/pgfcoreshade.code.tex)
(d:/texlive/2015/texmf-dist/tex/generic/pgf/basiclayer/pgfcoreimage.code.tex
(d:/texlive/2015/texmf-dist/tex/generic/pgf/basiclayer/pgfcoreexternal.code.tex
))
(d:/texlive/2015/texmf-dist/tex/generic/pgf/basiclayer/pgfcorelayers.code.tex)
(d:/texlive/2015/texmf-dist/tex/generic/pgf/basiclayer/pgfcoretransparency.code
.tex)
(d:/texlive/2015/texmf-dist/tex/generic/pgf/basiclayer/pgfcorepatterns.code.tex
)))
(d:/texlive/2015/texmf-dist/tex/generic/pgf/modules/pgfmoduleshapes.code.tex)
(d:/texlive/2015/texmf-dist/tex/generic/pgf/modules/pgfmoduleplot.code.tex)
(d:/texlive/2015/texmf-dist/tex/latex/pgf/compatibility/pgfcomp-version-0-65.st
y)
(d:/texlive/2015/texmf-dist/tex/latex/pgf/compatibility/pgfcomp-version-1-18.st
y)) (d:/texlive/2015/texmf-dist/tex/latex/pgf/utilities/pgffor.sty
(d:/texlive/2015/texmf-dist/tex/latex/pgf/utilities/pgfkeys.sty
(d:/texlive/2015/texmf-dist/tex/generic/pgf/utilities/pgfkeys.code.tex))
(d:/texlive/2015/texmf-dist/tex/latex/pgf/math/pgfmath.sty
(d:/texlive/2015/texmf-dist/tex/generic/pgf/math/pgfmath.code.tex))
(d:/texlive/2015/texmf-dist/tex/generic/pgf/utilities/pgffor.code.tex
(d:/texlive/2015/texmf-dist/tex/generic/pgf/math/pgfmath.code.tex)))
(d:/texlive/2015/texmf-dist/tex/generic/pgf/frontendlayer/tikz/tikz.code.tex
(d:/texlive/2015/texmf-dist/tex/generic/pgf/libraries/pgflibraryplothandlers.co
de.tex)
(d:/texlive/2015/texmf-dist/tex/generic/pgf/modules/pgfmodulematrix.code.tex)
(d:/texlive/2015/texmf-dist/tex/generic/pgf/frontendlayer/tikz/libraries/tikzli
brarytopaths.code.tex)))
(d:/texlive/2015/texmf-dist/tex/latex/titlesec/titlesec.sty)
(d:/texlive/2015/texmf-dist/tex/latex/titlesec/titletoc.sty)
(d:/texlive/2015/texmf-dist/tex/latex/hyperref/hyperref.sty
(d:/texlive/2015/texmf-dist/tex/generic/oberdiek/hobsub-hyperref.sty
(d:/texlive/2015/texmf-dist/tex/generic/oberdiek/hobsub-generic.sty))
(d:/texlive/2015/texmf-dist/tex/latex/oberdiek/auxhook.sty)
(d:/texlive/2015/texmf-dist/tex/latex/oberdiek/kvoptions.sty)
(d:/texlive/2015/texmf-dist/tex/latex/hyperref/pd1enc.def)
(d:/texlive/2015/texmf-dist/tex/latex/latexconfig/hyperref.cfg)
(d:/texlive/2015/texmf-dist/tex/latex/url/url.sty))

Package hyperref Message: Driver (autodetected): hxetex.

(d:/texlive/2015/texmf-dist/tex/latex/hyperref/hxetex.def
(d:/texlive/2015/texmf-dist/tex/latex/hyperref/puenc.def)
(d:/texlive/2015/texmf-dist/tex/generic/oberdiek/stringenc.sty)
(d:/texlive/2015/texmf-dist/tex/latex/oberdiek/rerunfilecheck.sty))
(d:/texlive/2015/texmf-dist/tex/latex/titlesec/block.tss))
(d:/texlive/2015/texmf-dist/tex/xelatex/xecjk/xeCJK-listings.sty)
No file guide.aux.
(d:/texlive/2015/texmf-dist/tex/latex/tipa/t3cmr.fd)
*geometry* driver: auto-detecting
*geometry* detected driver: xetex
ABD: EveryShipout initializing macros
(d:/texlive/2015/texmf-dist/tex/latex/hyperref/nameref.sty
(d:/texlive/2015/texmf-dist/tex/generic/oberdiek/gettitlestring.sty))

Package hyperref Warning: Rerun to get /PageLabels entry.

(./meta.tex)
(d:/texlive/2015/texmf-dist/tex/generic/oberdiek/se-ascii-print.def) [1]
[2] (./pages/preface.tex
Chapter 1.
*************************************************
* xeCJK warning: "CJKfamily-Unknown"
* 
* Unknown CJK family `\CJKttdefault' is being ignored.
* 
* Try to use `\setCJKmonofont[...]{...}' to define it.
*************************************************
(d:/texlive/2015/texmf-dist/tex/latex/euenc/eu1lmtt.fd)

LaTeX Font Warning: Font shape `OT1/cmr/m/n' in size <8.43146> not available
(Font)              size <8> substituted on input line 34.


LaTeX Font Warning: Font shape `OML/cmm/m/it' in size <8.43146> not available
(Font)              size <8> substituted on input line 34.


LaTeX Font Warning: Font shape `OMS/cmsy/m/n' in size <8.43146> not available
(Font)              size <8> substituted on input line 34.

(d:/texlive/2015/texmf-dist/tex/latex/amsfonts/umsa.fd)
(d:/texlive/2015/texmf-dist/tex/latex/amsfonts/umsb.fd)

LaTeX Font Warning: Font shape `OT1/cmr/bx/n' in size <8.43146> not available
(Font)              size <8> substituted on input line 34.


LaTeX Font Warning: Font shape `OML/cmm/b/it' in size <8.43146> not available
(Font)              size <8> substituted on input line 34.


LaTeX Font Warning: Font shape `OMS/cmsy/b/n' in size <8.43146> not available
(Font)              size <8> substituted on input line 34.


LaTeX Font Warning: Font shape `OT1/cmr/m/n' in size <4.51686> not available
(Font)              size <5> substituted on input line 39.


LaTeX Font Warning: Font shape `OML/cmm/m/it' in size <4.51686> not available
(Font)              size <5> substituted on input line 39.


LaTeX Font Warning: Font shape `OMS/cmsy/m/n' in size <4.51686> not available
(Font)              size <5> substituted on input line 39.


LaTeX Font Warning: Font shape `OT1/cmr/bx/n' in size <4.51686> not available
(Font)              size <5> substituted on input line 39.


LaTeX Font Warning: Font shape `OML/cmm/b/it' in size <4.51686> not available
(Font)              size <5> substituted on input line 39.


LaTeX Font Warning: Font shape `OMS/cmsy/b/n' in size <4.51686> not available
(Font)              size <5> substituted on input line 39.

) (./pages/prepare.tex [1]
Chapter 2.

LaTeX Font Warning: Font shape `OT1/cmr/m/n' in size <15.05624> not available
(Font)              size <14.4> substituted on input line 33.


LaTeX Font Warning: Font shape `OT1/cmr/m/n' in size <10.53932> not available
(Font)              size <10.95> substituted on input line 33.


LaTeX Font Warning: Font shape `OT1/cmr/m/n' in size <7.52812> not available
(Font)              size <8> substituted on input line 33.


LaTeX Font Warning: Font shape `OML/cmm/m/it' in size <15.05624> not available
(Font)              size <14.4> substituted on input line 33.


LaTeX Font Warning: Font shape `OML/cmm/m/it' in size <10.53932> not available
(Font)              size <10.95> substituted on input line 33.


LaTeX Font Warning: Font shape `OML/cmm/m/it' in size <7.52812> not available
(Font)              size <8> substituted on input line 33.


LaTeX Font Warning: Font shape `OMS/cmsy/m/n' in size <15.05624> not available
(Font)              size <14.4> substituted on input line 33.


LaTeX Font Warning: Font shape `OMS/cmsy/m/n' in size <10.53932> not available
(Font)              size <10.95> substituted on input line 33.


LaTeX Font Warning: Font shape `OMS/cmsy/m/n' in size <7.52812> not available
(Font)              size <8> substituted on input line 33.


LaTeX Font Warning: Font shape `OT1/cmr/bx/n' in size <15.05624> not available
(Font)              size <14.4> substituted on input line 33.


LaTeX Font Warning: Font shape `OT1/cmr/bx/n' in size <10.53932> not available
(Font)              size <10.95> substituted on input line 33.


LaTeX Font Warning: Font shape `OT1/cmr/bx/n' in size <7.52812> not available
(Font)              size <8> substituted on input line 33.


LaTeX Font Warning: Font shape `OML/cmm/b/it' in size <15.05624> not available
(Font)              size <14.4> substituted on input line 33.


LaTeX Font Warning: Font shape `OML/cmm/b/it' in size <10.53932> not available
(Font)              size <10.95> substituted on input line 33.


LaTeX Font Warning: Font shape `OML/cmm/b/it' in size <7.52812> not available
(Font)              size <8> substituted on input line 33.


LaTeX Font Warning: Font shape `OMS/cmsy/b/n' in size <15.05624> not available
(Font)              size <14.4> substituted on input line 33.


LaTeX Font Warning: Font shape `OMS/cmsy/b/n' in size <10.53932> not available
(Font)              size <10.95> substituted on input line 33.


LaTeX Font Warning: Font shape `OMS/cmsy/b/n' in size <7.52812> not available
(Font)              size <8> substituted on input line 33.

[2]) (./pages/text.tex [3]
Chapter 3.

Overfull \hbox (31.53154pt too wide) in paragraph at lines 35--36
\EU1/SimSun(0)/m/n/12.045 使 用[]\EU1/lmtt/m/n/12.045 \subsection{\EU1/SimSun(0)/
m/n/12.045 小节标题\EU1/lmtt/m/n/12.045 } \EU1/SimSun(0)/m/n/12.045 命 令 新 建 小 节。|  
如 果 需 要，|  可 以 使 用[]\EU1/lmtt/m/n/12.045 \echapter{Chapter Title}
) (./pages/float.tex [4]
Chapter 4.
(./pages/float-figure.tex

LaTeX Warning: Reference `fig:fig_code' on page 5 undefined on input line 33.


LaTeX Warning: Reference `fig:fig_code' on page 5 undefined on input line 33.


LaTeX Warning: Reference `fig:fig_demo_subfig' on page 5 undefined on input lin
e 57.


LaTeX Warning: `h' float specifier changed to `ht'.

) (./pages/float-table.tex

LaTeX Warning: Reference `fig:table1' on page 5 undefined on input line 33.


LaTeX Warning: Reference `tab:table1' on page 5 undefined on input line 33.


LaTeX Warning: Reference `fig:multirow' on page 5 undefined on input line 33.

[5]

LaTeX Warning: `!h' float specifier changed to `!ht'.


LaTeX Warning: `h' float specifier changed to `ht'.

[6]

LaTeX Warning: Reference `tab:algo_compare' on page 7 undefined on input line 1
00.


LaTeX Warning: Reference `fig:tpt' on page 7 undefined on input line 100.


LaTeX Warning: Reference `tab:algo_compare' on page 7 undefined on input line 1
00.

(./tables/algo_compare.tex)) (./pages/float-code.tex [7] [8]

LaTeX Warning: Reference `alg:kmeans' on page 9 undefined on input line 44.


LaTeX Warning: Reference `alg:kmeans' on page 9 undefined on input line 44.


LaTeX Warning: `h' float specifier changed to `ht'.


Overfull \hbox (18.45123pt too wide) in paragraph at lines 97--98
[][][][][][][][][][][][][][][][][][][][][][][][][][][][][][][] 

LaTeX Warning: Reference `alg:kmeans' on page 9 undefined on input line 111.


LaTeX Warning: Reference `alg:kmeans' on page 9 undefined on input line 111.


LaTeX Warning: `h' float specifier changed to `ht'.

[9]

LaTeX Warning: Reference `fig:listings' on page 10 undefined on input line 124.



LaTeX Warning: `h' float specifier changed to `ht'.

)) (./pages/skills.tex [10] [11]
Chapter 5.

LaTeX Warning: Reference `fig:fig_trans' on page 12 undefined on input line 43.



LaTeX Warning: `h' float specifier changed to `ht'.


Overfull \hbox (6.45111pt too wide) in paragraph at lines 74--75
[][][][][][][][][][][][][][][][][][][][][][][][][][] 
[12]) [13] (./guide.aux)

LaTeX Font Warning: Size substitutions with differences
(Font)              up to 0.65625pt have occurred.


LaTeX Warning: There were undefined references.


LaTeX Warning: Label(s) may have changed. Rerun to get cross-references right.

 )
(see the transcript file for additional information)
Output written on guide.xdv (15 pages, 257376 bytes).
Transcript written on guide.log.
This is XeTeX, Version 3.14159265-2.6-0.99992 (TeX Live 2015/W32TeX) (preloaded format=xelatex)
 restricted \write18 enabled.
entering extended mode
(./guide.tex
LaTeX2e <2015/01/01>
Babel <3.9l> and hyphenation patterns for 79 languages loaded.
(./xjtuthesis.cls
Document Class: xjtuthesis 2011/7/15 0.0.1 Xi'an Jiaotong University Dissertati
on Template
(d:/texlive/2015/texmf-dist/tex/latex/base/book.cls
Document Class: book 2014/09/29 v1.4h Standard LaTeX document class
(d:/texlive/2015/texmf-dist/tex/latex/base/bk10.clo))
(d:/texlive/2015/texmf-dist/tex/latex/amsmath/amsmath.sty
For additional information on amsmath, use the `?' option.
(d:/texlive/2015/texmf-dist/tex/latex/amsmath/amstext.sty
(d:/texlive/2015/texmf-dist/tex/latex/amsmath/amsgen.sty))
(d:/texlive/2015/texmf-dist/tex/latex/amsmath/amsbsy.sty)
(d:/texlive/2015/texmf-dist/tex/latex/amsmath/amsopn.sty))
(d:/texlive/2015/texmf-dist/tex/latex/amsfonts/amssymb.sty
(d:/texlive/2015/texmf-dist/tex/latex/amsfonts/amsfonts.sty))
(d:/texlive/2015/texmf-dist/tex/latex/tools/indentfirst.sty)
(d:/texlive/2015/texmf-dist/tex/latex/tools/tabularx.sty
(d:/texlive/2015/texmf-dist/tex/latex/tools/array.sty))
(d:/texlive/2015/texmf-dist/tex/latex/threeparttable/threeparttable.sty)
(d:/texlive/2015/texmf-dist/tex/latex/tools/longtable.sty)
(d:/texlive/2015/texmf-dist/tex/latex/booktabs/booktabs.sty)
(d:/texlive/2015/texmf-dist/tex/latex/subfig/subfig.sty
(d:/texlive/2015/texmf-dist/tex/latex/graphics/keyval.sty)
(d:/texlive/2015/texmf-dist/tex/latex/caption/caption.sty
(d:/texlive/2015/texmf-dist/tex/latex/caption/caption3.sty)
(d:/texlive/2015/texmf-dist/tex/latex/caption/ltcaption.sty)))
(d:/texlive/2015/texmf-dist/tex/latex/natbib/natbib.sty)
(d:/texlive/2015/texmf-dist/tex/latex/setspace/setspace.sty)
(d:/texlive/2015/texmf-dist/tex/latex/enumitem/enumitem.sty)
(d:/texlive/2015/texmf-dist/tex/latex/pdfpages/pdfpages.sty
(d:/texlive/2015/texmf-dist/tex/latex/base/ifthen.sty)
(d:/texlive/2015/texmf-dist/tex/latex/tools/calc.sty)
(d:/texlive/2015/texmf-dist/tex/latex/eso-pic/eso-pic.sty
(d:/texlive/2015/texmf-dist/tex/generic/oberdiek/atbegshi.sty
(d:/texlive/2015/texmf-dist/tex/generic/oberdiek/infwarerr.sty)
(d:/texlive/2015/texmf-dist/tex/generic/oberdiek/ltxcmds.sty)
(d:/texlive/2015/texmf-dist/tex/generic/oberdiek/ifpdf.sty))
(d:/texlive/2015/texmf-dist/tex/latex/xcolor/xcolor.sty
(d:/texlive/2015/texmf-dist/tex/latex/latexconfig/color.cfg)
(d:/texlive/2015/texmf-dist/tex/xelatex/xetex-def/xetex.def)))
(d:/texlive/2015/texmf-dist/tex/latex/graphics/graphicx.sty
(d:/texlive/2015/texmf-dist/tex/latex/graphics/graphics.sty
(d:/texlive/2015/texmf-dist/tex/latex/graphics/trig.sty)
(d:/texlive/2015/texmf-dist/tex/latex/latexconfig/graphics.cfg)))
(d:/texlive/2015/texmf-dist/tex/latex/pdfpages/ppxetex.def))
(d:/texlive/2015/texmf-dist/tex/latex/algorithms/algorithm.sty
(d:/texlive/2015/texmf-dist/tex/latex/float/float.sty))
(d:/texlive/2015/texmf-dist/tex/latex/algorithmicx/algpseudocode.sty
(d:/texlive/2015/texmf-dist/tex/latex/algorithmicx/algorithmicx.sty
Document Style algorithmicx 1.2 - a greatly improved `algorithmic' style
)
Document Style - pseudocode environments for use with the `algorithmicx' style
) (d:/texlive/2015/texmf-dist/tex/latex/tools/bm.sty)
(d:/texlive/2015/texmf-dist/tex/latex/listings/listings.sty
(d:/texlive/2015/texmf-dist/tex/latex/listings/lstmisc.sty)
(d:/texlive/2015/texmf-dist/tex/latex/listings/listings.cfg))
(d:/texlive/2015/texmf-dist/tex/latex/multirow/multirow.sty)
(d:/texlive/2015/texmf-dist/tex/latex/units/nicefrac.sty)
(d:/texlive/2015/texmf-dist/tex/latex/fontspec/fontspec.sty
(d:/texlive/2015/texmf-dist/tex/latex/l3kernel/expl3.sty
(d:/texlive/2015/texmf-dist/tex/latex/l3kernel/expl3-code.tex)
(d:/texlive/2015/texmf-dist/tex/latex/l3kernel/l3unicode-data.def)
(d:/texlive/2015/texmf-dist/tex/latex/l3kernel/l3xdvipdfmx.def))
(d:/texlive/2015/texmf-dist/tex/latex/l3packages/xparse/xparse.sty)
(d:/texlive/2015/texmf-dist/tex/latex/fontspec/fontspec-patches.sty)
(d:/texlive/2015/texmf-dist/tex/latex/fontspec/fontspec-xetex.sty
(d:/texlive/2015/texmf-dist/tex/latex/base/fontenc.sty
(d:/texlive/2015/texmf-dist/tex/latex/euenc/eu1enc.def)
(d:/texlive/2015/texmf-dist/tex/latex/euenc/eu1lmr.fd))
(d:/texlive/2015/texmf-dist/tex/xelatex/xunicode/xunicode.sty
(d:/texlive/2015/texmf-dist/tex/latex/tipa/t3enc.def
(d:/texlive/2015/texmf-dist/tex/latex/euenc/eu1lmss.fd)))
(d:/texlive/2015/texmf-dist/tex/latex/fontspec/fontspec.cfg)))
(d:/texlive/2015/texmf-dist/tex/latex/xltxtra/xltxtra.sty
(d:/texlive/2015/texmf-dist/tex/generic/oberdiek/ifluatex.sty)
(d:/texlive/2015/texmf-dist/tex/generic/ifxetex/ifxetex.sty)
(d:/texlive/2015/texmf-dist/tex/latex/realscripts/realscripts.sty)
(d:/texlive/2015/texmf-dist/tex/latex/metalogo/metalogo.sty))
(d:/texlive/2015/texmf-dist/tex/xelatex/xecjk/xeCJK.sty
(d:/texlive/2015/texmf-dist/tex/latex/l3packages/xtemplate/xtemplate.sty)
(d:/texlive/2015/texmf-dist/tex/latex/l3packages/l3keys2e/l3keys2e.sty)
*************************************************
* xeCJK warning: "option-deprecated"
* 
* The `CJKnumber' option is deprecated.
* You may load the package `CJKnumb' after xeCJK to use its function.
* 
*************************************************
(d:/texlive/2015/texmf-dist/tex/xelatex/xecjk/xunicode-addon.sty)
(d:/texlive/2015/texmf-dist/tex/xelatex/xunicode/xunicode.sty
*** Reloading Xunicode for encoding 'EU1' ***
) (d:/texlive/2015/texmf-dist/tex/xelatex/xecjk/xunicode-extra.def)
(d:/texlive/2015/texmf-dist/tex/xelatex/xecjk/xeCJK.cfg))
(d:/texlive/2015/texmf-dist/tex/latex/geometry/geometry.sty
(d:/texlive/2015/texmf-dist/tex/generic/oberdiek/ifvtex.sty))
(d:/texlive/2015/texmf-dist/tex/latex/fancyhdr/fancyhdr.sty)
(d:/texlive/2015/texmf-dist/tex/latex/footmisc/footmisc.sty)
(d:/texlive/2015/texmf-dist/tex/latex/pgf/frontendlayer/tikz.sty
(d:/texlive/2015/texmf-dist/tex/latex/pgf/basiclayer/pgf.sty
(d:/texlive/2015/texmf-dist/tex/latex/pgf/utilities/pgfrcs.sty
(d:/texlive/2015/texmf-dist/tex/generic/pgf/utilities/pgfutil-common.tex
(d:/texlive/2015/texmf-dist/tex/generic/pgf/utilities/pgfutil-common-lists.tex)
) (d:/texlive/2015/texmf-dist/tex/generic/pgf/utilities/pgfutil-latex.def
(d:/texlive/2015/texmf-dist/tex/latex/ms/everyshi.sty))
(d:/texlive/2015/texmf-dist/tex/generic/pgf/utilities/pgfrcs.code.tex))
(d:/texlive/2015/texmf-dist/tex/latex/pgf/basiclayer/pgfcore.sty
(d:/texlive/2015/texmf-dist/tex/latex/pgf/systemlayer/pgfsys.sty
(d:/texlive/2015/texmf-dist/tex/generic/pgf/systemlayer/pgfsys.code.tex
(d:/texlive/2015/texmf-dist/tex/generic/pgf/utilities/pgfkeys.code.tex
(d:/texlive/2015/texmf-dist/tex/generic/pgf/utilities/pgfkeysfiltered.code.tex)
) (d:/texlive/2015/texmf-dist/tex/generic/pgf/systemlayer/pgf.cfg)
(d:/texlive/2015/texmf-dist/tex/generic/pgf/systemlayer/pgfsys-xetex.def
(d:/texlive/2015/texmf-dist/tex/generic/pgf/systemlayer/pgfsys-dvipdfmx.def
(d:/texlive/2015/texmf-dist/tex/generic/pgf/systemlayer/pgfsys-common-pdf.def))
))
(d:/texlive/2015/texmf-dist/tex/generic/pgf/systemlayer/pgfsyssoftpath.code.tex
)
(d:/texlive/2015/texmf-dist/tex/generic/pgf/systemlayer/pgfsysprotocol.code.tex
)) (d:/texlive/2015/texmf-dist/tex/generic/pgf/basiclayer/pgfcore.code.tex
(d:/texlive/2015/texmf-dist/tex/generic/pgf/math/pgfmath.code.tex
(d:/texlive/2015/texmf-dist/tex/generic/pgf/math/pgfmathcalc.code.tex
(d:/texlive/2015/texmf-dist/tex/generic/pgf/math/pgfmathutil.code.tex)
(d:/texlive/2015/texmf-dist/tex/generic/pgf/math/pgfmathparser.code.tex)
(d:/texlive/2015/texmf-dist/tex/generic/pgf/math/pgfmathfunctions.code.tex
(d:/texlive/2015/texmf-dist/tex/generic/pgf/math/pgfmathfunctions.basic.code.te
x)
(d:/texlive/2015/texmf-dist/tex/generic/pgf/math/pgfmathfunctions.trigonometric
.code.tex)
(d:/texlive/2015/texmf-dist/tex/generic/pgf/math/pgfmathfunctions.random.code.t
ex)
(d:/texlive/2015/texmf-dist/tex/generic/pgf/math/pgfmathfunctions.comparison.co
de.tex)
(d:/texlive/2015/texmf-dist/tex/generic/pgf/math/pgfmathfunctions.base.code.tex
)
(d:/texlive/2015/texmf-dist/tex/generic/pgf/math/pgfmathfunctions.round.code.te
x)
(d:/texlive/2015/texmf-dist/tex/generic/pgf/math/pgfmathfunctions.misc.code.tex
)
(d:/texlive/2015/texmf-dist/tex/generic/pgf/math/pgfmathfunctions.integerarithm
etics.code.tex)))
(d:/texlive/2015/texmf-dist/tex/generic/pgf/math/pgfmathfloat.code.tex))
(d:/texlive/2015/texmf-dist/tex/generic/pgf/basiclayer/pgfcorepoints.code.tex)
(d:/texlive/2015/texmf-dist/tex/generic/pgf/basiclayer/pgfcorepathconstruct.cod
e.tex)
(d:/texlive/2015/texmf-dist/tex/generic/pgf/basiclayer/pgfcorepathusage.code.te
x)
(d:/texlive/2015/texmf-dist/tex/generic/pgf/basiclayer/pgfcorescopes.code.tex)
(d:/texlive/2015/texmf-dist/tex/generic/pgf/basiclayer/pgfcoregraphicstate.code
.tex)
(d:/texlive/2015/texmf-dist/tex/generic/pgf/basiclayer/pgfcoretransformations.c
ode.tex)
(d:/texlive/2015/texmf-dist/tex/generic/pgf/basiclayer/pgfcorequick.code.tex)
(d:/texlive/2015/texmf-dist/tex/generic/pgf/basiclayer/pgfcoreobjects.code.tex)

(d:/texlive/2015/texmf-dist/tex/generic/pgf/basiclayer/pgfcorepathprocessing.co
de.tex)
(d:/texlive/2015/texmf-dist/tex/generic/pgf/basiclayer/pgfcorearrows.code.tex)
(d:/texlive/2015/texmf-dist/tex/generic/pgf/basiclayer/pgfcoreshade.code.tex)
(d:/texlive/2015/texmf-dist/tex/generic/pgf/basiclayer/pgfcoreimage.code.tex
(d:/texlive/2015/texmf-dist/tex/generic/pgf/basiclayer/pgfcoreexternal.code.tex
))
(d:/texlive/2015/texmf-dist/tex/generic/pgf/basiclayer/pgfcorelayers.code.tex)
(d:/texlive/2015/texmf-dist/tex/generic/pgf/basiclayer/pgfcoretransparency.code
.tex)
(d:/texlive/2015/texmf-dist/tex/generic/pgf/basiclayer/pgfcorepatterns.code.tex
)))
(d:/texlive/2015/texmf-dist/tex/generic/pgf/modules/pgfmoduleshapes.code.tex)
(d:/texlive/2015/texmf-dist/tex/generic/pgf/modules/pgfmoduleplot.code.tex)
(d:/texlive/2015/texmf-dist/tex/latex/pgf/compatibility/pgfcomp-version-0-65.st
y)
(d:/texlive/2015/texmf-dist/tex/latex/pgf/compatibility/pgfcomp-version-1-18.st
y)) (d:/texlive/2015/texmf-dist/tex/latex/pgf/utilities/pgffor.sty
(d:/texlive/2015/texmf-dist/tex/latex/pgf/utilities/pgfkeys.sty
(d:/texlive/2015/texmf-dist/tex/generic/pgf/utilities/pgfkeys.code.tex))
(d:/texlive/2015/texmf-dist/tex/latex/pgf/math/pgfmath.sty
(d:/texlive/2015/texmf-dist/tex/generic/pgf/math/pgfmath.code.tex))
(d:/texlive/2015/texmf-dist/tex/generic/pgf/utilities/pgffor.code.tex
(d:/texlive/2015/texmf-dist/tex/generic/pgf/math/pgfmath.code.tex)))
(d:/texlive/2015/texmf-dist/tex/generic/pgf/frontendlayer/tikz/tikz.code.tex
(d:/texlive/2015/texmf-dist/tex/generic/pgf/libraries/pgflibraryplothandlers.co
de.tex)
(d:/texlive/2015/texmf-dist/tex/generic/pgf/modules/pgfmodulematrix.code.tex)
(d:/texlive/2015/texmf-dist/tex/generic/pgf/frontendlayer/tikz/libraries/tikzli
brarytopaths.code.tex)))
(d:/texlive/2015/texmf-dist/tex/latex/titlesec/titlesec.sty)
(d:/texlive/2015/texmf-dist/tex/latex/titlesec/titletoc.sty)
(d:/texlive/2015/texmf-dist/tex/latex/hyperref/hyperref.sty
(d:/texlive/2015/texmf-dist/tex/generic/oberdiek/hobsub-hyperref.sty
(d:/texlive/2015/texmf-dist/tex/generic/oberdiek/hobsub-generic.sty))
(d:/texlive/2015/texmf-dist/tex/latex/oberdiek/auxhook.sty)
(d:/texlive/2015/texmf-dist/tex/latex/oberdiek/kvoptions.sty)
(d:/texlive/2015/texmf-dist/tex/latex/hyperref/pd1enc.def)
(d:/texlive/2015/texmf-dist/tex/latex/latexconfig/hyperref.cfg)
(d:/texlive/2015/texmf-dist/tex/latex/url/url.sty))

Package hyperref Message: Driver (autodetected): hxetex.

(d:/texlive/2015/texmf-dist/tex/latex/hyperref/hxetex.def
(d:/texlive/2015/texmf-dist/tex/latex/hyperref/puenc.def)
(d:/texlive/2015/texmf-dist/tex/generic/oberdiek/stringenc.sty)
(d:/texlive/2015/texmf-dist/tex/latex/oberdiek/rerunfilecheck.sty))
(d:/texlive/2015/texmf-dist/tex/latex/titlesec/block.tss))
(d:/texlive/2015/texmf-dist/tex/xelatex/xecjk/xeCJK-listings.sty) (./guide.aux

LaTeX Warning: Label `fig:fig_code' multiply defined.

) (d:/texlive/2015/texmf-dist/tex/latex/tipa/t3cmr.fd)
*geometry* driver: auto-detecting
*geometry* detected driver: xetex
ABD: EveryShipout initializing macros
(d:/texlive/2015/texmf-dist/tex/latex/hyperref/nameref.sty
(d:/texlive/2015/texmf-dist/tex/generic/oberdiek/gettitlestring.sty))
(./guide.out) (./guide.out) (./meta.tex) (./guide.toc

LaTeX Font Warning: Font shape `OT1/cmr/m/n' in size <8.43146> not available
(Font)              size <8> substituted on input line 3.


LaTeX Font Warning: Font shape `OML/cmm/m/it' in size <8.43146> not available
(Font)              size <8> substituted on input line 3.


LaTeX Font Warning: Font shape `OMS/cmsy/m/n' in size <8.43146> not available
(Font)              size <8> substituted on input line 3.

(d:/texlive/2015/texmf-dist/tex/latex/amsfonts/umsa.fd)
(d:/texlive/2015/texmf-dist/tex/latex/amsfonts/umsb.fd)

LaTeX Font Warning: Font shape `OT1/cmr/bx/n' in size <8.43146> not available
(Font)              size <8> substituted on input line 3.


LaTeX Font Warning: Font shape `OML/cmm/b/it' in size <8.43146> not available
(Font)              size <8> substituted on input line 3.


LaTeX Font Warning: Font shape `OMS/cmsy/b/n' in size <8.43146> not available
(Font)              size <8> substituted on input line 3.

*************************************************
* xeCJK warning: "CJKfamily-Unknown"
* 
* Unknown CJK family `\CJKttdefault' is being ignored.
* 
* Try to use `\setCJKmonofont[...]{...}' to define it.
*************************************************
(d:/texlive/2015/texmf-dist/tex/latex/euenc/eu1lmtt.fd))
(d:/texlive/2015/texmf-dist/tex/generic/oberdiek/se-ascii-print.def) [1]
[2] (./pages/preface.tex
Chapter 1.

LaTeX Font Warning: Font shape `OT1/cmr/m/n' in size <4.51686> not available
(Font)              size <5> substituted on input line 39.


LaTeX Font Warning: Font shape `OML/cmm/m/it' in size <4.51686> not available
(Font)              size <5> substituted on input line 39.


LaTeX Font Warning: Font shape `OMS/cmsy/m/n' in size <4.51686> not available
(Font)              size <5> substituted on input line 39.


LaTeX Font Warning: Font shape `OT1/cmr/bx/n' in size <4.51686> not available
(Font)              size <5> substituted on input line 39.


LaTeX Font Warning: Font shape `OML/cmm/b/it' in size <4.51686> not available
(Font)              size <5> substituted on input line 39.


LaTeX Font Warning: Font shape `OMS/cmsy/b/n' in size <4.51686> not available
(Font)              size <5> substituted on input line 39.

) (./pages/prepare.tex [1]
Chapter 2.

LaTeX Font Warning: Font shape `OT1/cmr/m/n' in size <15.05624> not available
(Font)              size <14.4> substituted on input line 33.


LaTeX Font Warning: Font shape `OT1/cmr/m/n' in size <10.53932> not available
(Font)              size <10.95> substituted on input line 33.


LaTeX Font Warning: Font shape `OT1/cmr/m/n' in size <7.52812> not available
(Font)              size <8> substituted on input line 33.


LaTeX Font Warning: Font shape `OML/cmm/m/it' in size <15.05624> not available
(Font)              size <14.4> substituted on input line 33.


LaTeX Font Warning: Font shape `OML/cmm/m/it' in size <10.53932> not available
(Font)              size <10.95> substituted on input line 33.


LaTeX Font Warning: Font shape `OML/cmm/m/it' in size <7.52812> not available
(Font)              size <8> substituted on input line 33.


LaTeX Font Warning: Font shape `OMS/cmsy/m/n' in size <15.05624> not available
(Font)              size <14.4> substituted on input line 33.


LaTeX Font Warning: Font shape `OMS/cmsy/m/n' in size <10.53932> not available
(Font)              size <10.95> substituted on input line 33.


LaTeX Font Warning: Font shape `OMS/cmsy/m/n' in size <7.52812> not available
(Font)              size <8> substituted on input line 33.


LaTeX Font Warning: Font shape `OT1/cmr/bx/n' in size <15.05624> not available
(Font)              size <14.4> substituted on input line 33.


LaTeX Font Warning: Font shape `OT1/cmr/bx/n' in size <10.53932> not available
(Font)              size <10.95> substituted on input line 33.


LaTeX Font Warning: Font shape `OT1/cmr/bx/n' in size <7.52812> not available
(Font)              size <8> substituted on input line 33.


LaTeX Font Warning: Font shape `OML/cmm/b/it' in size <15.05624> not available
(Font)              size <14.4> substituted on input line 33.


LaTeX Font Warning: Font shape `OML/cmm/b/it' in size <10.53932> not available
(Font)              size <10.95> substituted on input line 33.


LaTeX Font Warning: Font shape `OML/cmm/b/it' in size <7.52812> not available
(Font)              size <8> substituted on input line 33.


LaTeX Font Warning: Font shape `OMS/cmsy/b/n' in size <15.05624> not available
(Font)              size <14.4> substituted on input line 33.


LaTeX Font Warning: Font shape `OMS/cmsy/b/n' in size <10.53932> not available
(Font)              size <10.95> substituted on input line 33.


LaTeX Font Warning: Font shape `OMS/cmsy/b/n' in size <7.52812> not available
(Font)              size <8> substituted on input line 33.

[2]) (./pages/text.tex [3]
Chapter 3.

Overfull \hbox (31.53154pt too wide) in paragraph at lines 35--36
\EU1/SimSun(0)/m/n/12.045 使 用[]\EU1/lmtt/m/n/12.045 \subsection{\EU1/SimSun(0)/
m/n/12.045 小节标题\EU1/lmtt/m/n/12.045 } \EU1/SimSun(0)/m/n/12.045 命 令 新 建 小 节。|  
如 果 需 要，|  可 以 使 用[]\EU1/lmtt/m/n/12.045 \echapter{Chapter Title}
) (./pages/float.tex [4]
Chapter 4.
(./pages/float-figure.tex

LaTeX Warning: `h' float specifier changed to `ht'.

) (./pages/float-table.tex [5]

LaTeX Warning: `!h' float specifier changed to `!ht'.


LaTeX Warning: `h' float specifier changed to `ht'.

[6] (./tables/algo_compare.tex)) (./pages/float-code.tex [7] [8]

LaTeX Warning: `h' float specifier changed to `ht'.


Overfull \hbox (18.45123pt too wide) in paragraph at lines 97--98
[][][][][][][][][][][][][][][][][][][][][][][][][][][][][][][] 

LaTeX Warning: `h' float specifier changed to `ht'.

[9]

LaTeX Warning: `h' float specifier changed to `ht'.

)) (./pages/skills.tex [10] [11]
Chapter 5.

LaTeX Warning: `h' float specifier changed to `ht'.


Overfull \hbox (6.45111pt too wide) in paragraph at lines 74--75
[][][][][][][][][][][][][][][][][][][][][][][][][][] 
[12]) [13] (./guide.aux)

LaTeX Font Warning: Size substitutions with differences
(Font)              up to 0.65625pt have occurred.


LaTeX Warning: There were multiply-defined labels.

 )
(see the transcript file for additional information)
Output written on guide.xdv (15 pages, 294964 bytes).
Transcript written on guide.log.
This is XeTeX, Version 3.14159265-2.6-0.99992 (TeX Live 2015/W32TeX) (preloaded format=xelatex)
 restricted \write18 enabled.
entering extended mode
(./guide.tex
LaTeX2e <2015/01/01>
Babel <3.9l> and hyphenation patterns for 79 languages loaded.
(./xjtuthesis.cls
Document Class: xjtuthesis 2011/7/15 0.0.1 Xi'an Jiaotong University Dissertati
on Template
(d:/texlive/2015/texmf-dist/tex/latex/base/book.cls
Document Class: book 2014/09/29 v1.4h Standard LaTeX document class
(d:/texlive/2015/texmf-dist/tex/latex/base/bk10.clo))
(d:/texlive/2015/texmf-dist/tex/latex/amsmath/amsmath.sty
For additional information on amsmath, use the `?' option.
(d:/texlive/2015/texmf-dist/tex/latex/amsmath/amstext.sty
(d:/texlive/2015/texmf-dist/tex/latex/amsmath/amsgen.sty))
(d:/texlive/2015/texmf-dist/tex/latex/amsmath/amsbsy.sty)
(d:/texlive/2015/texmf-dist/tex/latex/amsmath/amsopn.sty))
(d:/texlive/2015/texmf-dist/tex/latex/amsfonts/amssymb.sty
(d:/texlive/2015/texmf-dist/tex/latex/amsfonts/amsfonts.sty))
(d:/texlive/2015/texmf-dist/tex/latex/tools/indentfirst.sty)
(d:/texlive/2015/texmf-dist/tex/latex/tools/tabularx.sty
(d:/texlive/2015/texmf-dist/tex/latex/tools/array.sty))
(d:/texlive/2015/texmf-dist/tex/latex/threeparttable/threeparttable.sty)
(d:/texlive/2015/texmf-dist/tex/latex/tools/longtable.sty)
(d:/texlive/2015/texmf-dist/tex/latex/booktabs/booktabs.sty)
(d:/texlive/2015/texmf-dist/tex/latex/subfig/subfig.sty
(d:/texlive/2015/texmf-dist/tex/latex/graphics/keyval.sty)
(d:/texlive/2015/texmf-dist/tex/latex/caption/caption.sty
(d:/texlive/2015/texmf-dist/tex/latex/caption/caption3.sty)
(d:/texlive/2015/texmf-dist/tex/latex/caption/ltcaption.sty)))
(d:/texlive/2015/texmf-dist/tex/latex/natbib/natbib.sty)
(d:/texlive/2015/texmf-dist/tex/latex/setspace/setspace.sty)
(d:/texlive/2015/texmf-dist/tex/latex/enumitem/enumitem.sty)
(d:/texlive/2015/texmf-dist/tex/latex/pdfpages/pdfpages.sty
(d:/texlive/2015/texmf-dist/tex/latex/base/ifthen.sty)
(d:/texlive/2015/texmf-dist/tex/latex/tools/calc.sty)
(d:/texlive/2015/texmf-dist/tex/latex/eso-pic/eso-pic.sty
(d:/texlive/2015/texmf-dist/tex/generic/oberdiek/atbegshi.sty
(d:/texlive/2015/texmf-dist/tex/generic/oberdiek/infwarerr.sty)
(d:/texlive/2015/texmf-dist/tex/generic/oberdiek/ltxcmds.sty)
(d:/texlive/2015/texmf-dist/tex/generic/oberdiek/ifpdf.sty))
(d:/texlive/2015/texmf-dist/tex/latex/xcolor/xcolor.sty
(d:/texlive/2015/texmf-dist/tex/latex/latexconfig/color.cfg)
(d:/texlive/2015/texmf-dist/tex/xelatex/xetex-def/xetex.def)))
(d:/texlive/2015/texmf-dist/tex/latex/graphics/graphicx.sty
(d:/texlive/2015/texmf-dist/tex/latex/graphics/graphics.sty
(d:/texlive/2015/texmf-dist/tex/latex/graphics/trig.sty)
(d:/texlive/2015/texmf-dist/tex/latex/latexconfig/graphics.cfg)))
(d:/texlive/2015/texmf-dist/tex/latex/pdfpages/ppxetex.def))
(d:/texlive/2015/texmf-dist/tex/latex/algorithms/algorithm.sty
(d:/texlive/2015/texmf-dist/tex/latex/float/float.sty))
(d:/texlive/2015/texmf-dist/tex/latex/algorithmicx/algpseudocode.sty
(d:/texlive/2015/texmf-dist/tex/latex/algorithmicx/algorithmicx.sty
Document Style algorithmicx 1.2 - a greatly improved `algorithmic' style
)
Document Style - pseudocode environments for use with the `algorithmicx' style
) (d:/texlive/2015/texmf-dist/tex/latex/tools/bm.sty)
(d:/texlive/2015/texmf-dist/tex/latex/listings/listings.sty
(d:/texlive/2015/texmf-dist/tex/latex/listings/lstmisc.sty)
(d:/texlive/2015/texmf-dist/tex/latex/listings/listings.cfg))
(d:/texlive/2015/texmf-dist/tex/latex/multirow/multirow.sty)
(d:/texlive/2015/texmf-dist/tex/latex/units/nicefrac.sty)
(d:/texlive/2015/texmf-dist/tex/latex/fontspec/fontspec.sty
(d:/texlive/2015/texmf-dist/tex/latex/l3kernel/expl3.sty
(d:/texlive/2015/texmf-dist/tex/latex/l3kernel/expl3-code.tex)
(d:/texlive/2015/texmf-dist/tex/latex/l3kernel/l3unicode-data.def)
(d:/texlive/2015/texmf-dist/tex/latex/l3kernel/l3xdvipdfmx.def))
(d:/texlive/2015/texmf-dist/tex/latex/l3packages/xparse/xparse.sty)
(d:/texlive/2015/texmf-dist/tex/latex/fontspec/fontspec-patches.sty)
(d:/texlive/2015/texmf-dist/tex/latex/fontspec/fontspec-xetex.sty
(d:/texlive/2015/texmf-dist/tex/latex/base/fontenc.sty
(d:/texlive/2015/texmf-dist/tex/latex/euenc/eu1enc.def)
(d:/texlive/2015/texmf-dist/tex/latex/euenc/eu1lmr.fd))
(d:/texlive/2015/texmf-dist/tex/xelatex/xunicode/xunicode.sty
(d:/texlive/2015/texmf-dist/tex/latex/tipa/t3enc.def
(d:/texlive/2015/texmf-dist/tex/latex/euenc/eu1lmss.fd)))
(d:/texlive/2015/texmf-dist/tex/latex/fontspec/fontspec.cfg)))
(d:/texlive/2015/texmf-dist/tex/latex/xltxtra/xltxtra.sty
(d:/texlive/2015/texmf-dist/tex/generic/oberdiek/ifluatex.sty)
(d:/texlive/2015/texmf-dist/tex/generic/ifxetex/ifxetex.sty)
(d:/texlive/2015/texmf-dist/tex/latex/realscripts/realscripts.sty)
(d:/texlive/2015/texmf-dist/tex/latex/metalogo/metalogo.sty))
(d:/texlive/2015/texmf-dist/tex/xelatex/xecjk/xeCJK.sty
(d:/texlive/2015/texmf-dist/tex/latex/l3packages/xtemplate/xtemplate.sty)
(d:/texlive/2015/texmf-dist/tex/latex/l3packages/l3keys2e/l3keys2e.sty)
*************************************************
* xeCJK warning: "option-deprecated"
* 
* The `CJKnumber' option is deprecated.
* You may load the package `CJKnumb' after xeCJK to use its function.
* 
*************************************************
(d:/texlive/2015/texmf-dist/tex/xelatex/xecjk/xunicode-addon.sty)
(d:/texlive/2015/texmf-dist/tex/xelatex/xunicode/xunicode.sty
*** Reloading Xunicode for encoding 'EU1' ***
) (d:/texlive/2015/texmf-dist/tex/xelatex/xecjk/xunicode-extra.def)
(d:/texlive/2015/texmf-dist/tex/xelatex/xecjk/xeCJK.cfg))
(d:/texlive/2015/texmf-dist/tex/latex/geometry/geometry.sty
(d:/texlive/2015/texmf-dist/tex/generic/oberdiek/ifvtex.sty))
(d:/texlive/2015/texmf-dist/tex/latex/fancyhdr/fancyhdr.sty)
(d:/texlive/2015/texmf-dist/tex/latex/footmisc/footmisc.sty)
(d:/texlive/2015/texmf-dist/tex/latex/pgf/frontendlayer/tikz.sty
(d:/texlive/2015/texmf-dist/tex/latex/pgf/basiclayer/pgf.sty
(d:/texlive/2015/texmf-dist/tex/latex/pgf/utilities/pgfrcs.sty
(d:/texlive/2015/texmf-dist/tex/generic/pgf/utilities/pgfutil-common.tex
(d:/texlive/2015/texmf-dist/tex/generic/pgf/utilities/pgfutil-common-lists.tex)
) (d:/texlive/2015/texmf-dist/tex/generic/pgf/utilities/pgfutil-latex.def
(d:/texlive/2015/texmf-dist/tex/latex/ms/everyshi.sty))
(d:/texlive/2015/texmf-dist/tex/generic/pgf/utilities/pgfrcs.code.tex))
(d:/texlive/2015/texmf-dist/tex/latex/pgf/basiclayer/pgfcore.sty
(d:/texlive/2015/texmf-dist/tex/latex/pgf/systemlayer/pgfsys.sty
(d:/texlive/2015/texmf-dist/tex/generic/pgf/systemlayer/pgfsys.code.tex
(d:/texlive/2015/texmf-dist/tex/generic/pgf/utilities/pgfkeys.code.tex
(d:/texlive/2015/texmf-dist/tex/generic/pgf/utilities/pgfkeysfiltered.code.tex)
) (d:/texlive/2015/texmf-dist/tex/generic/pgf/systemlayer/pgf.cfg)
(d:/texlive/2015/texmf-dist/tex/generic/pgf/systemlayer/pgfsys-xetex.def
(d:/texlive/2015/texmf-dist/tex/generic/pgf/systemlayer/pgfsys-dvipdfmx.def
(d:/texlive/2015/texmf-dist/tex/generic/pgf/systemlayer/pgfsys-common-pdf.def))
))
(d:/texlive/2015/texmf-dist/tex/generic/pgf/systemlayer/pgfsyssoftpath.code.tex
)
(d:/texlive/2015/texmf-dist/tex/generic/pgf/systemlayer/pgfsysprotocol.code.tex
)) (d:/texlive/2015/texmf-dist/tex/generic/pgf/basiclayer/pgfcore.code.tex
(d:/texlive/2015/texmf-dist/tex/generic/pgf/math/pgfmath.code.tex
(d:/texlive/2015/texmf-dist/tex/generic/pgf/math/pgfmathcalc.code.tex
(d:/texlive/2015/texmf-dist/tex/generic/pgf/math/pgfmathutil.code.tex)
(d:/texlive/2015/texmf-dist/tex/generic/pgf/math/pgfmathparser.code.tex)
(d:/texlive/2015/texmf-dist/tex/generic/pgf/math/pgfmathfunctions.code.tex
(d:/texlive/2015/texmf-dist/tex/generic/pgf/math/pgfmathfunctions.basic.code.te
x)
(d:/texlive/2015/texmf-dist/tex/generic/pgf/math/pgfmathfunctions.trigonometric
.code.tex)
(d:/texlive/2015/texmf-dist/tex/generic/pgf/math/pgfmathfunctions.random.code.t
ex)
(d:/texlive/2015/texmf-dist/tex/generic/pgf/math/pgfmathfunctions.comparison.co
de.tex)
(d:/texlive/2015/texmf-dist/tex/generic/pgf/math/pgfmathfunctions.base.code.tex
)
(d:/texlive/2015/texmf-dist/tex/generic/pgf/math/pgfmathfunctions.round.code.te
x)
(d:/texlive/2015/texmf-dist/tex/generic/pgf/math/pgfmathfunctions.misc.code.tex
)
(d:/texlive/2015/texmf-dist/tex/generic/pgf/math/pgfmathfunctions.integerarithm
etics.code.tex)))
(d:/texlive/2015/texmf-dist/tex/generic/pgf/math/pgfmathfloat.code.tex))
(d:/texlive/2015/texmf-dist/tex/generic/pgf/basiclayer/pgfcorepoints.code.tex)
(d:/texlive/2015/texmf-dist/tex/generic/pgf/basiclayer/pgfcorepathconstruct.cod
e.tex)
(d:/texlive/2015/texmf-dist/tex/generic/pgf/basiclayer/pgfcorepathusage.code.te
x)
(d:/texlive/2015/texmf-dist/tex/generic/pgf/basiclayer/pgfcorescopes.code.tex)
(d:/texlive/2015/texmf-dist/tex/generic/pgf/basiclayer/pgfcoregraphicstate.code
.tex)
(d:/texlive/2015/texmf-dist/tex/generic/pgf/basiclayer/pgfcoretransformations.c
ode.tex)
(d:/texlive/2015/texmf-dist/tex/generic/pgf/basiclayer/pgfcorequick.code.tex)
(d:/texlive/2015/texmf-dist/tex/generic/pgf/basiclayer/pgfcoreobjects.code.tex)

(d:/texlive/2015/texmf-dist/tex/generic/pgf/basiclayer/pgfcorepathprocessing.co
de.tex)
(d:/texlive/2015/texmf-dist/tex/generic/pgf/basiclayer/pgfcorearrows.code.tex)
(d:/texlive/2015/texmf-dist/tex/generic/pgf/basiclayer/pgfcoreshade.code.tex)
(d:/texlive/2015/texmf-dist/tex/generic/pgf/basiclayer/pgfcoreimage.code.tex
(d:/texlive/2015/texmf-dist/tex/generic/pgf/basiclayer/pgfcoreexternal.code.tex
))
(d:/texlive/2015/texmf-dist/tex/generic/pgf/basiclayer/pgfcorelayers.code.tex)
(d:/texlive/2015/texmf-dist/tex/generic/pgf/basiclayer/pgfcoretransparency.code
.tex)
(d:/texlive/2015/texmf-dist/tex/generic/pgf/basiclayer/pgfcorepatterns.code.tex
)))
(d:/texlive/2015/texmf-dist/tex/generic/pgf/modules/pgfmoduleshapes.code.tex)
(d:/texlive/2015/texmf-dist/tex/generic/pgf/modules/pgfmoduleplot.code.tex)
(d:/texlive/2015/texmf-dist/tex/latex/pgf/compatibility/pgfcomp-version-0-65.st
y)
(d:/texlive/2015/texmf-dist/tex/latex/pgf/compatibility/pgfcomp-version-1-18.st
y)) (d:/texlive/2015/texmf-dist/tex/latex/pgf/utilities/pgffor.sty
(d:/texlive/2015/texmf-dist/tex/latex/pgf/utilities/pgfkeys.sty
(d:/texlive/2015/texmf-dist/tex/generic/pgf/utilities/pgfkeys.code.tex))
(d:/texlive/2015/texmf-dist/tex/latex/pgf/math/pgfmath.sty
(d:/texlive/2015/texmf-dist/tex/generic/pgf/math/pgfmath.code.tex))
(d:/texlive/2015/texmf-dist/tex/generic/pgf/utilities/pgffor.code.tex
(d:/texlive/2015/texmf-dist/tex/generic/pgf/math/pgfmath.code.tex)))
(d:/texlive/2015/texmf-dist/tex/generic/pgf/frontendlayer/tikz/tikz.code.tex
(d:/texlive/2015/texmf-dist/tex/generic/pgf/libraries/pgflibraryplothandlers.co
de.tex)
(d:/texlive/2015/texmf-dist/tex/generic/pgf/modules/pgfmodulematrix.code.tex)
(d:/texlive/2015/texmf-dist/tex/generic/pgf/frontendlayer/tikz/libraries/tikzli
brarytopaths.code.tex)))
(d:/texlive/2015/texmf-dist/tex/latex/titlesec/titlesec.sty)
(d:/texlive/2015/texmf-dist/tex/latex/titlesec/titletoc.sty)
(d:/texlive/2015/texmf-dist/tex/latex/hyperref/hyperref.sty
(d:/texlive/2015/texmf-dist/tex/generic/oberdiek/hobsub-hyperref.sty
(d:/texlive/2015/texmf-dist/tex/generic/oberdiek/hobsub-generic.sty))
(d:/texlive/2015/texmf-dist/tex/latex/oberdiek/auxhook.sty)
(d:/texlive/2015/texmf-dist/tex/latex/oberdiek/kvoptions.sty)
(d:/texlive/2015/texmf-dist/tex/latex/hyperref/pd1enc.def)
(d:/texlive/2015/texmf-dist/tex/latex/latexconfig/hyperref.cfg)
(d:/texlive/2015/texmf-dist/tex/latex/url/url.sty))

Package hyperref Message: Driver (autodetected): hxetex.

(d:/texlive/2015/texmf-dist/tex/latex/hyperref/hxetex.def
(d:/texlive/2015/texmf-dist/tex/latex/hyperref/puenc.def)
(d:/texlive/2015/texmf-dist/tex/generic/oberdiek/stringenc.sty)
(d:/texlive/2015/texmf-dist/tex/latex/oberdiek/rerunfilecheck.sty))
(d:/texlive/2015/texmf-dist/tex/latex/titlesec/block.tss))
(d:/texlive/2015/texmf-dist/tex/xelatex/xecjk/xeCJK-listings.sty) (./guide.aux

LaTeX Warning: Label `fig:fig_code' multiply defined.

) (d:/texlive/2015/texmf-dist/tex/latex/tipa/t3cmr.fd)
*geometry* driver: auto-detecting
*geometry* detected driver: xetex
ABD: EveryShipout initializing macros
(d:/texlive/2015/texmf-dist/tex/latex/hyperref/nameref.sty
(d:/texlive/2015/texmf-dist/tex/generic/oberdiek/gettitlestring.sty))
(./guide.out) (./guide.out) (./meta.tex) (./guide.toc

LaTeX Font Warning: Font shape `OT1/cmr/m/n' in size <8.43146> not available
(Font)              size <8> substituted on input line 3.


LaTeX Font Warning: Font shape `OML/cmm/m/it' in size <8.43146> not available
(Font)              size <8> substituted on input line 3.


LaTeX Font Warning: Font shape `OMS/cmsy/m/n' in size <8.43146> not available
(Font)              size <8> substituted on input line 3.

(d:/texlive/2015/texmf-dist/tex/latex/amsfonts/umsa.fd)
(d:/texlive/2015/texmf-dist/tex/latex/amsfonts/umsb.fd)

LaTeX Font Warning: Font shape `OT1/cmr/bx/n' in size <8.43146> not available
(Font)              size <8> substituted on input line 3.


LaTeX Font Warning: Font shape `OML/cmm/b/it' in size <8.43146> not available
(Font)              size <8> substituted on input line 3.


LaTeX Font Warning: Font shape `OMS/cmsy/b/n' in size <8.43146> not available
(Font)              size <8> substituted on input line 3.

*************************************************
* xeCJK warning: "CJKfamily-Unknown"
* 
* Unknown CJK family `\CJKttdefault' is being ignored.
* 
* Try to use `\setCJKmonofont[...]{...}' to define it.
*************************************************
(d:/texlive/2015/texmf-dist/tex/latex/euenc/eu1lmtt.fd))
(d:/texlive/2015/texmf-dist/tex/generic/oberdiek/se-ascii-print.def) [1]
[2] (./pages/preface.tex
Chapter 1.

LaTeX Font Warning: Font shape `OT1/cmr/m/n' in size <4.51686> not available
(Font)              size <5> substituted on input line 39.


LaTeX Font Warning: Font shape `OML/cmm/m/it' in size <4.51686> not available
(Font)              size <5> substituted on input line 39.


LaTeX Font Warning: Font shape `OMS/cmsy/m/n' in size <4.51686> not available
(Font)              size <5> substituted on input line 39.


LaTeX Font Warning: Font shape `OT1/cmr/bx/n' in size <4.51686> not available
(Font)              size <5> substituted on input line 39.


LaTeX Font Warning: Font shape `OML/cmm/b/it' in size <4.51686> not available
(Font)              size <5> substituted on input line 39.


LaTeX Font Warning: Font shape `OMS/cmsy/b/n' in size <4.51686> not available
(Font)              size <5> substituted on input line 39.

) (./pages/prepare.tex [1]
Chapter 2.

LaTeX Font Warning: Font shape `OT1/cmr/m/n' in size <15.05624> not available
(Font)              size <14.4> substituted on input line 33.


LaTeX Font Warning: Font shape `OT1/cmr/m/n' in size <10.53932> not available
(Font)              size <10.95> substituted on input line 33.


LaTeX Font Warning: Font shape `OT1/cmr/m/n' in size <7.52812> not available
(Font)              size <8> substituted on input line 33.


LaTeX Font Warning: Font shape `OML/cmm/m/it' in size <15.05624> not available
(Font)              size <14.4> substituted on input line 33.


LaTeX Font Warning: Font shape `OML/cmm/m/it' in size <10.53932> not available
(Font)              size <10.95> substituted on input line 33.


LaTeX Font Warning: Font shape `OML/cmm/m/it' in size <7.52812> not available
(Font)              size <8> substituted on input line 33.


LaTeX Font Warning: Font shape `OMS/cmsy/m/n' in size <15.05624> not available
(Font)              size <14.4> substituted on input line 33.


LaTeX Font Warning: Font shape `OMS/cmsy/m/n' in size <10.53932> not available
(Font)              size <10.95> substituted on input line 33.


LaTeX Font Warning: Font shape `OMS/cmsy/m/n' in size <7.52812> not available
(Font)              size <8> substituted on input line 33.


LaTeX Font Warning: Font shape `OT1/cmr/bx/n' in size <15.05624> not available
(Font)              size <14.4> substituted on input line 33.


LaTeX Font Warning: Font shape `OT1/cmr/bx/n' in size <10.53932> not available
(Font)              size <10.95> substituted on input line 33.


LaTeX Font Warning: Font shape `OT1/cmr/bx/n' in size <7.52812> not available
(Font)              size <8> substituted on input line 33.


LaTeX Font Warning: Font shape `OML/cmm/b/it' in size <15.05624> not available
(Font)              size <14.4> substituted on input line 33.


LaTeX Font Warning: Font shape `OML/cmm/b/it' in size <10.53932> not available
(Font)              size <10.95> substituted on input line 33.


LaTeX Font Warning: Font shape `OML/cmm/b/it' in size <7.52812> not available
(Font)              size <8> substituted on input line 33.


LaTeX Font Warning: Font shape `OMS/cmsy/b/n' in size <15.05624> not available
(Font)              size <14.4> substituted on input line 33.


LaTeX Font Warning: Font shape `OMS/cmsy/b/n' in size <10.53932> not available
(Font)              size <10.95> substituted on input line 33.


LaTeX Font Warning: Font shape `OMS/cmsy/b/n' in size <7.52812> not available
(Font)              size <8> substituted on input line 33.

[2]) (./pages/text.tex [3]
Chapter 3.

Overfull \hbox (31.53154pt too wide) in paragraph at lines 35--36
\EU1/SimSun(0)/m/n/12.045 使 用[]\EU1/lmtt/m/n/12.045 \subsection{\EU1/SimSun(0)/
m/n/12.045 小节标题\EU1/lmtt/m/n/12.045 } \EU1/SimSun(0)/m/n/12.045 命 令 新 建 小 节。|  
如 果 需 要，|  可 以 使 用[]\EU1/lmtt/m/n/12.045 \echapter{Chapter Title}
) (./pages/float.tex [4]
Chapter 4.
(./pages/float-figure.tex

LaTeX Warning: `h' float specifier changed to `ht'.

) (./pages/float-table.tex [5]

LaTeX Warning: `!h' float specifier changed to `!ht'.


LaTeX Warning: `h' float specifier changed to `ht'.

[6] (./tables/algo_compare.tex)) (./pages/float-code.tex [7] [8]

LaTeX Warning: `h' float specifier changed to `ht'.


Overfull \hbox (18.45123pt too wide) in paragraph at lines 97--98
[][][][][][][][][][][][][][][][][][][][][][][][][][][][][][][] 

LaTeX Warning: `h' float specifier changed to `ht'.

[9]

LaTeX Warning: `h' float specifier changed to `ht'.

)) (./pages/skills.tex [10] [11]
Chapter 5.

LaTeX Warning: `h' float specifier changed to `ht'.


Overfull \hbox (6.45111pt too wide) in paragraph at lines 74--75
[][][][][][][][][][][][][][][][][][][][][][][][][][] 
[12]) [13] (./guide.aux)

LaTeX Font Warning: Size substitutions with differences
(Font)              up to 0.65625pt have occurred.


LaTeX Warning: There were multiply-defined labels.

 )
(see the transcript file for additional information)
Output written on guide.pdf (15 pages).
Transcript written on guide.log.
